
chdir(/usr/share/vim)
fchdir() to previous dir
sourcing "$VIM/vimrc"
Searching for "debian.vim" in "/home/emiller/.vim,/usr/share/vim/vimfiles,/usr/share/vim/vim73,/usr/share/vim/vimfiles/after,/home/emiller/.vim/after"
Searching for "/home/emiller/.vim/debian.vim"
Searching for "/usr/share/vim/vimfiles/debian.vim"
Searching for "/usr/share/vim/vim73/debian.vim"
chdir(/usr/share/vim/vim73)
fchdir() to previous dir
line 11: sourcing "/usr/share/vim/vim73/debian.vim"
finished sourcing /usr/share/vim/vim73/debian.vim
continuing in /usr/share/vim/vimrc
Searching for "/usr/share/vim/vimfiles/after/debian.vim"
Searching for "/home/emiller/.vim/after/debian.vim"
chdir(/usr/share/vim/vim73/syntax)
fchdir() to previous dir
line 21: sourcing "/usr/share/vim/vim73/syntax/syntax.vim"
Searching for "syntax/synload.vim" in "/home/emiller/.vim,/var/lib/vim/addons,/usr/share/vim/vimfiles,/usr/share/vim/vim73,/usr/share/vim/vimfiles/after,/var/lib/vim/addons/after,/home/emiller/.vim/after"
Searching for "/home/emiller/.vim/syntax/synload.vim"
Searching for "/var/lib/vim/addons/syntax/synload.vim"
Searching for "/usr/share/vim/vimfiles/syntax/synload.vim"
Searching for "/usr/share/vim/vim73/syntax/synload.vim"
chdir(/usr/share/vim/vim73/syntax)
fchdir() to previous dir
line 19: sourcing "/usr/share/vim/vim73/syntax/synload.vim"
Searching for "syntax/syncolor.vim" in "/home/emiller/.vim,/var/lib/vim/addons,/usr/share/vim/vimfiles,/usr/share/vim/vim73,/usr/share/vim/vimfiles/after,/var/lib/vim/addons/after,/home/emiller/.vim/after"
Searching for "/home/emiller/.vim/syntax/syncolor.vim"
Searching for "/var/lib/vim/addons/syntax/syncolor.vim"
Searching for "/usr/share/vim/vimfiles/syntax/syncolor.vim"
Searching for "/usr/share/vim/vim73/syntax/syncolor.vim"
chdir(/usr/share/vim/vim73/syntax)
fchdir() to previous dir
line 21: sourcing "/usr/share/vim/vim73/syntax/syncolor.vim"
finished sourcing /usr/share/vim/vim73/syntax/syncolor.vim
continuing in /usr/share/vim/vim73/syntax/synload.vim
Searching for "/usr/share/vim/vimfiles/after/syntax/syncolor.vim"
Searching for "/var/lib/vim/addons/after/syntax/syncolor.vim"
Searching for "/home/emiller/.vim/after/syntax/syncolor.vim"
finished sourcing /usr/share/vim/vim73/syntax/synload.vim
continuing in /usr/share/vim/vim73/syntax/syntax.vim
Searching for "filetype.vim" in "/home/emiller/.vim,/var/lib/vim/addons,/usr/share/vim/vimfiles,/usr/share/vim/vim73,/usr/share/vim/vimfiles/after,/var/lib/vim/addons/after,/home/emiller/.vim/after"
Searching for "/home/emiller/.vim/filetype.vim"
Searching for "/var/lib/vim/addons/filetype.vim"
Searching for "/usr/share/vim/vimfiles/filetype.vim"
Searching for "/usr/share/vim/vim73/filetype.vim"
chdir(/usr/share/vim/vim73)
fchdir() to previous dir
line 25: sourcing "/usr/share/vim/vim73/filetype.vim"
Searching for "ftdetect/*.vim" in "/home/emiller/.vim,/var/lib/vim/addons,/usr/share/vim/vimfiles,/usr/share/vim/vim73,/usr/share/vim/vimfiles/after,/var/lib/vim/addons/after,/home/emiller/.vim/after"
Searching for "/home/emiller/.vim/ftdetect/*.vim"
Searching for "/var/lib/vim/addons/ftdetect/*.vim"
Searching for "/usr/share/vim/vimfiles/ftdetect/*.vim"
Searching for "/usr/share/vim/vim73/ftdetect/*.vim"
Searching for "/usr/share/vim/vimfiles/after/ftdetect/*.vim"
Searching for "/var/lib/vim/addons/after/ftdetect/*.vim"
Searching for "/home/emiller/.vim/after/ftdetect/*.vim"
not found in 'runtimepath': "ftdetect/*.vim"
finished sourcing /usr/share/vim/vim73/filetype.vim
continuing in /usr/share/vim/vim73/syntax/syntax.vim
Searching for "/usr/share/vim/vimfiles/after/filetype.vim"
Searching for "/var/lib/vim/addons/after/filetype.vim"
Searching for "/home/emiller/.vim/after/filetype.vim"
finished sourcing /usr/share/vim/vim73/syntax/syntax.vim
continuing in /usr/share/vim/vimrc
finished sourcing $VIM/vimrc
chdir(/home/emiller)
fchdir() to previous dir
sourcing "$HOME/.vimrc"
Searching for "ftoff.vim" in "/home/emiller/.vim,/var/lib/vim/addons,/usr/share/vim/vimfiles,/usr/share/vim/vim73,/usr/share/vim/vimfiles/after,/var/lib/vim/addons/after,/home/emiller/.vim/after"
Searching for "/home/emiller/.vim/ftoff.vim"
Searching for "/var/lib/vim/addons/ftoff.vim"
Searching for "/usr/share/vim/vimfiles/ftoff.vim"
Searching for "/usr/share/vim/vim73/ftoff.vim"
chdir(/usr/share/vim/vim73)
fchdir() to previous dir
line 9: sourcing "/usr/share/vim/vim73/ftoff.vim"
finished sourcing /usr/share/vim/vim73/ftoff.vim
continuing in /home/emiller/.vimrc
Searching for "/usr/share/vim/vimfiles/after/ftoff.vim"
Searching for "/var/lib/vim/addons/after/ftoff.vim"
Searching for "/home/emiller/.vim/after/ftoff.vim"
Searching for "autoload/pathogen.vim" in "/home/emiller/.vim,/var/lib/vim/addons,/usr/share/vim/vimfiles,/usr/share/vim/vim73,/usr/share/vim/vimfiles/after,/var/lib/vim/addons/after,/home/emiller/.vim/after"
Searching for "/home/emiller/.vim/autoload/pathogen.vim"
chdir(/home/emiller/.vim/autoload)
fchdir() to previous dir
line 10: sourcing "/home/emiller/.vim/autoload/pathogen.vim"
finished sourcing /home/emiller/.vim/autoload/pathogen.vim
continuing in /home/emiller/.vimrc
Searching for "filetype.vim" in "/home/emiller/.vim,/home/emiller/.vim/bundle/Better-CSS-Syntax-for-Vim,/home/emiller/.vim/bundle/Dockerfile.vim,/home/emiller/.vim/bundle/ack.vim,/home/emiller/.vim/bundle/ctrlp.vim,/home/emiller/.vim/bundle/eregex.vim,/home/emiller/.vim/bundle/gsession.vim,/home/emiller/.vim/bundle/nerdtree,/home/emiller/.vim/bundle/python-syntax,/home/emiller/.vim/bundle/rainbow_parentheses.vim,/home/emiller/.vim/bundle/syntastic,/home/emiller/.vim/bundle/tagbar,/home/emiller/.vim/bundle/unite.vim,/home/emiller/.vim/bundle/vim-airline,/home/emiller/.vim/bundle/vim-bundler,/home/emiller/.vim/bundle/vim-coffee-script,/home/emiller/.vim/bundle/vim-colors-solarized,/home/emiller/.vim/bundle/vim-css3-syntax,/home/emiller/.vim/bundle/vim-dispatch,/home/emiller/.vim/bundle/vim-fish,/home/emiller/.vim/bundle/vim-fugitive,/home/emiller/.vim/bundle/vim-indent-guides,/home/emiller/.vim/bundle/vim-jade,/home/emiller/.vim/bundle/vim-jekyll,/home/emiller/.vim/bundle/vim-markdown,/home/emiller/.vim/bundle/
Searching for "/home/emiller/.vim/filetype.vim"
Searching for "/home/emiller/.vim/bundle/Better-CSS-Syntax-for-Vim/filetype.vim"
Searching for "/home/emiller/.vim/bundle/Dockerfile.vim/filetype.vim"
Searching for "/home/emiller/.vim/bundle/ack.vim/filetype.vim"
Searching for "/home/emiller/.vim/bundle/ctrlp.vim/filetype.vim"
Searching for "/home/emiller/.vim/bundle/eregex.vim/filetype.vim"
Searching for "/home/emiller/.vim/bundle/gsession.vim/filetype.vim"
Searching for "/home/emiller/.vim/bundle/nerdtree/filetype.vim"
Searching for "/home/emiller/.vim/bundle/python-syntax/filetype.vim"
Searching for "/home/emiller/.vim/bundle/rainbow_parentheses.vim/filetype.vim"
Searching for "/home/emiller/.vim/bundle/syntastic/filetype.vim"
Searching for "/home/emiller/.vim/bundle/tagbar/filetype.vim"
Searching for "/home/emiller/.vim/bundle/unite.vim/filetype.vim"
Searching for "/home/emiller/.vim/bundle/vim-airline/filetype.vim"
Searching for "/home/emiller/.vim/bundle/vim-bundler/filetype.vim"
Searching for "/home/emiller/.vim/bundle/vim-coffee-script/filetype.vim"
Searching for "/home/emiller/.vim/bundle/vim-colors-solarized/filetype.vim"
Searching for "/home/emiller/.vim/bundle/vim-css3-syntax/filetype.vim"
Searching for "/home/emiller/.vim/bundle/vim-dispatch/filetype.vim"
Searching for "/home/emiller/.vim/bundle/vim-fish/filetype.vim"
Searching for "/home/emiller/.vim/bundle/vim-fugitive/filetype.vim"
Searching for "/home/emiller/.vim/bundle/vim-indent-guides/filetype.vim"
Searching for "/home/emiller/.vim/bundle/vim-jade/filetype.vim"
Searching for "/home/emiller/.vim/bundle/vim-jekyll/filetype.vim"
Searching for "/home/emiller/.vim/bundle/vim-markdown/filetype.vim"
Searching for "/home/emiller/.vim/bundle/vim-multiple-cursors/filetype.vim"
Searching for "/home/emiller/.vim/bundle/vim-rails/filetype.vim"
Searching for "/home/emiller/.vim/bundle/vim-ruby/filetype.vim"
Searching for "/home/emiller/.vim/bundle/vim-scala/filetype.vim"
Searching for "/home/emiller/.vim/bundle/vim-sensible/filetype.vim"
Searching for "/home/emiller/.vim/bundle/vim-surround/filetype.vim"
Searching for "/home/emiller/.vim/bundle/vim-virtualenv/filetype.vim"
Searching for "/home/emiller/.vim/bundle/vimproc.vim/filetype.vim"
Searching for "/var/lib/vim/addons/filetype.vim"
Searching for "/usr/share/vim/vimfiles/filetype.vim"
Searching for "/usr/share/vim/vim73/filetype.vim"
chdir(/usr/share/vim/vim73)
fchdir() to previous dir
line 11: sourcing "/usr/share/vim/vim73/filetype.vim"
Searching for "ftdetect/*.vim" in "/home/emiller/.vim,/home/emiller/.vim/bundle/Better-CSS-Syntax-for-Vim,/home/emiller/.vim/bundle/Dockerfile.vim,/home/emiller/.vim/bundle/ack.vim,/home/emiller/.vim/bundle/ctrlp.vim,/home/emiller/.vim/bundle/eregex.vim,/home/emiller/.vim/bundle/gsession.vim,/home/emiller/.vim/bundle/nerdtree,/home/emiller/.vim/bundle/python-syntax,/home/emiller/.vim/bundle/rainbow_parentheses.vim,/home/emiller/.vim/bundle/syntastic,/home/emiller/.vim/bundle/tagbar,/home/emiller/.vim/bundle/unite.vim,/home/emiller/.vim/bundle/vim-airline,/home/emiller/.vim/bundle/vim-bundler,/home/emiller/.vim/bundle/vim-coffee-script,/home/emiller/.vim/bundle/vim-colors-solarized,/home/emiller/.vim/bundle/vim-css3-syntax,/home/emiller/.vim/bundle/vim-dispatch,/home/emiller/.vim/bundle/vim-fish,/home/emiller/.vim/bundle/vim-fugitive,/home/emiller/.vim/bundle/vim-indent-guides,/home/emiller/.vim/bundle/vim-jade,/home/emiller/.vim/bundle/vim-jekyll,/home/emiller/.vim/bundle/vim-markdown,/home/emiller/.vim/bundl
Searching for "/home/emiller/.vim/ftdetect/*.vim"
Searching for "/home/emiller/.vim/bundle/Better-CSS-Syntax-for-Vim/ftdetect/*.vim"
Searching for "/home/emiller/.vim/bundle/Dockerfile.vim/ftdetect/*.vim"
chdir(/home/emiller/.vim/bundle/Dockerfile.vim/ftdetect)
fchdir() to previous dir
line 2546: sourcing "/home/emiller/.vim/bundle/Dockerfile.vim/ftdetect/Dockerfile.vim"
finished sourcing /home/emiller/.vim/bundle/Dockerfile.vim/ftdetect/Dockerfile.vim
continuing in /usr/share/vim/vim73/filetype.vim
Searching for "/home/emiller/.vim/bundle/ack.vim/ftdetect/*.vim"
Searching for "/home/emiller/.vim/bundle/ctrlp.vim/ftdetect/*.vim"
Searching for "/home/emiller/.vim/bundle/eregex.vim/ftdetect/*.vim"
Searching for "/home/emiller/.vim/bundle/gsession.vim/ftdetect/*.vim"
Searching for "/home/emiller/.vim/bundle/nerdtree/ftdetect/*.vim"
Searching for "/home/emiller/.vim/bundle/python-syntax/ftdetect/*.vim"
Searching for "/home/emiller/.vim/bundle/rainbow_parentheses.vim/ftdetect/*.vim"
Searching for "/home/emiller/.vim/bundle/syntastic/ftdetect/*.vim"
Searching for "/home/emiller/.vim/bundle/tagbar/ftdetect/*.vim"
Searching for "/home/emiller/.vim/bundle/unite.vim/ftdetect/*.vim"
Searching for "/home/emiller/.vim/bundle/vim-airline/ftdetect/*.vim"
Searching for "/home/emiller/.vim/bundle/vim-bundler/ftdetect/*.vim"
Searching for "/home/emiller/.vim/bundle/vim-coffee-script/ftdetect/*.vim"
chdir(/home/emiller/.vim/bundle/vim-coffee-script/ftdetect)
fchdir() to previous dir
line 2546: sourcing "/home/emiller/.vim/bundle/vim-coffee-script/ftdetect/coffee.vim"
finished sourcing /home/emiller/.vim/bundle/vim-coffee-script/ftdetect/coffee.vim
continuing in /usr/share/vim/vim73/filetype.vim
Searching for "/home/emiller/.vim/bundle/vim-colors-solarized/ftdetect/*.vim"
Searching for "/home/emiller/.vim/bundle/vim-css3-syntax/ftdetect/*.vim"
Searching for "/home/emiller/.vim/bundle/vim-dispatch/ftdetect/*.vim"
Searching for "/home/emiller/.vim/bundle/vim-fish/ftdetect/*.vim"
chdir(/home/emiller/.vim/bundle/vim-fish/ftdetect)
fchdir() to previous dir
line 2546: sourcing "/home/emiller/.vim/bundle/vim-fish/ftdetect/fish.vim"
finished sourcing /home/emiller/.vim/bundle/vim-fish/ftdetect/fish.vim
continuing in /usr/share/vim/vim73/filetype.vim
Searching for "/home/emiller/.vim/bundle/vim-fugitive/ftdetect/*.vim"
Searching for "/home/emiller/.vim/bundle/vim-indent-guides/ftdetect/*.vim"
Searching for "/home/emiller/.vim/bundle/vim-jade/ftdetect/*.vim"
chdir(/home/emiller/.vim/bundle/vim-jade/ftdetect)
fchdir() to previous dir
line 2546: sourcing "/home/emiller/.vim/bundle/vim-jade/ftdetect/jade.vim"
finished sourcing /home/emiller/.vim/bundle/vim-jade/ftdetect/jade.vim
continuing in /usr/share/vim/vim73/filetype.vim
Searching for "/home/emiller/.vim/bundle/vim-jekyll/ftdetect/*.vim"
Searching for "/home/emiller/.vim/bundle/vim-markdown/ftdetect/*.vim"
chdir(/home/emiller/.vim/bundle/vim-markdown/ftdetect)
fchdir() to previous dir
line 2546: sourcing "/home/emiller/.vim/bundle/vim-markdown/ftdetect/markdown.vim"
finished sourcing /home/emiller/.vim/bundle/vim-markdown/ftdetect/markdown.vim
continuing in /usr/share/vim/vim73/filetype.vim
Searching for "/home/emiller/.vim/bundle/vim-multiple-cursors/ftdetect/*.vim"
Searching for "/home/emiller/.vim/bundle/vim-rails/ftdetect/*.vim"
Searching for "/home/emiller/.vim/bundle/vim-ruby/ftdetect/*.vim"
chdir(/home/emiller/.vim/bundle/vim-ruby/ftdetect)
fchdir() to previous dir
line 2546: sourcing "/home/emiller/.vim/bundle/vim-ruby/ftdetect/ruby.vim"
finished sourcing /home/emiller/.vim/bundle/vim-ruby/ftdetect/ruby.vim
continuing in /usr/share/vim/vim73/filetype.vim
Searching for "/home/emiller/.vim/bundle/vim-scala/ftdetect/*.vim"
chdir(/home/emiller/.vim/bundle/vim-scala/ftdetect)
fchdir() to previous dir
line 2546: sourcing "/home/emiller/.vim/bundle/vim-scala/ftdetect/scala.vim"
finished sourcing /home/emiller/.vim/bundle/vim-scala/ftdetect/scala.vim
continuing in /usr/share/vim/vim73/filetype.vim
Searching for "/home/emiller/.vim/bundle/vim-sensible/ftdetect/*.vim"
Searching for "/home/emiller/.vim/bundle/vim-surround/ftdetect/*.vim"
Searching for "/home/emiller/.vim/bundle/vim-virtualenv/ftdetect/*.vim"
Searching for "/home/emiller/.vim/bundle/vimproc.vim/ftdetect/*.vim"
Searching for "/var/lib/vim/addons/ftdetect/*.vim"
Searching for "/usr/share/vim/vimfiles/ftdetect/*.vim"
Searching for "/usr/share/vim/vim73/ftdetect/*.vim"
Searching for "/usr/share/vim/vimfiles/after/ftdetect/*.vim"
Searching for "/var/lib/vim/addons/after/ftdetect/*.vim"
Searching for "/home/emiller/.vim/bundle/vim-coffee-script/after/ftdetect/*.vim"
Searching for "/home/emiller/.vim/bundle/vim-css3-syntax/after/ftdetect/*.vim"
Searching for "/home/emiller/.vim/bundle/vim-scala/after/ftdetect/*.vim"
Searching for "/home/emiller/.vim/after/ftdetect/*.vim"
finished sourcing /usr/share/vim/vim73/filetype.vim
continuing in /home/emiller/.vimrc
Searching for "/usr/share/vim/vimfiles/after/filetype.vim"
Searching for "/var/lib/vim/addons/after/filetype.vim"
Searching for "/home/emiller/.vim/bundle/vim-coffee-script/after/filetype.vim"
Searching for "/home/emiller/.vim/bundle/vim-css3-syntax/after/filetype.vim"
Searching for "/home/emiller/.vim/bundle/vim-scala/after/filetype.vim"
Searching for "/home/emiller/.vim/after/filetype.vim"
Searching for "ftplugin.vim" in "/home/emiller/.vim,/home/emiller/.vim/bundle/Better-CSS-Syntax-for-Vim,/home/emiller/.vim/bundle/Dockerfile.vim,/home/emiller/.vim/bundle/ack.vim,/home/emiller/.vim/bundle/ctrlp.vim,/home/emiller/.vim/bundle/eregex.vim,/home/emiller/.vim/bundle/gsession.vim,/home/emiller/.vim/bundle/nerdtree,/home/emiller/.vim/bundle/python-syntax,/home/emiller/.vim/bundle/rainbow_parentheses.vim,/home/emiller/.vim/bundle/syntastic,/home/emiller/.vim/bundle/tagbar,/home/emiller/.vim/bundle/unite.vim,/home/emiller/.vim/bundle/vim-airline,/home/emiller/.vim/bundle/vim-bundler,/home/emiller/.vim/bundle/vim-coffee-script,/home/emiller/.vim/bundle/vim-colors-solarized,/home/emiller/.vim/bundle/vim-css3-syntax,/home/emiller/.vim/bundle/vim-dispatch,/home/emiller/.vim/bundle/vim-fish,/home/emiller/.vim/bundle/vim-fugitive,/home/emiller/.vim/bundle/vim-indent-guides,/home/emiller/.vim/bundle/vim-jade,/home/emiller/.vim/bundle/vim-jekyll,/home/emiller/.vim/bundle/vim-markdown,/home/emiller/.vim/bundle/
Searching for "/home/emiller/.vim/ftplugin.vim"
Searching for "/home/emiller/.vim/bundle/Better-CSS-Syntax-for-Vim/ftplugin.vim"
Searching for "/home/emiller/.vim/bundle/Dockerfile.vim/ftplugin.vim"
Searching for "/home/emiller/.vim/bundle/ack.vim/ftplugin.vim"
Searching for "/home/emiller/.vim/bundle/ctrlp.vim/ftplugin.vim"
Searching for "/home/emiller/.vim/bundle/eregex.vim/ftplugin.vim"
Searching for "/home/emiller/.vim/bundle/gsession.vim/ftplugin.vim"
Searching for "/home/emiller/.vim/bundle/nerdtree/ftplugin.vim"
Searching for "/home/emiller/.vim/bundle/python-syntax/ftplugin.vim"
Searching for "/home/emiller/.vim/bundle/rainbow_parentheses.vim/ftplugin.vim"
Searching for "/home/emiller/.vim/bundle/syntastic/ftplugin.vim"
Searching for "/home/emiller/.vim/bundle/tagbar/ftplugin.vim"
Searching for "/home/emiller/.vim/bundle/unite.vim/ftplugin.vim"
Searching for "/home/emiller/.vim/bundle/vim-airline/ftplugin.vim"
Searching for "/home/emiller/.vim/bundle/vim-bundler/ftplugin.vim"
Searching for "/home/emiller/.vim/bundle/vim-coffee-script/ftplugin.vim"
Searching for "/home/emiller/.vim/bundle/vim-colors-solarized/ftplugin.vim"
Searching for "/home/emiller/.vim/bundle/vim-css3-syntax/ftplugin.vim"
Searching for "/home/emiller/.vim/bundle/vim-dispatch/ftplugin.vim"
Searching for "/home/emiller/.vim/bundle/vim-fish/ftplugin.vim"
Searching for "/home/emiller/.vim/bundle/vim-fugitive/ftplugin.vim"
Searching for "/home/emiller/.vim/bundle/vim-indent-guides/ftplugin.vim"
Searching for "/home/emiller/.vim/bundle/vim-jade/ftplugin.vim"
Searching for "/home/emiller/.vim/bundle/vim-jekyll/ftplugin.vim"
Searching for "/home/emiller/.vim/bundle/vim-markdown/ftplugin.vim"
Searching for "/home/emiller/.vim/bundle/vim-multiple-cursors/ftplugin.vim"
Searching for "/home/emiller/.vim/bundle/vim-rails/ftplugin.vim"
Searching for "/home/emiller/.vim/bundle/vim-ruby/ftplugin.vim"
Searching for "/home/emiller/.vim/bundle/vim-scala/ftplugin.vim"
Searching for "/home/emiller/.vim/bundle/vim-sensible/ftplugin.vim"
Searching for "/home/emiller/.vim/bundle/vim-surround/ftplugin.vim"
Searching for "/home/emiller/.vim/bundle/vim-virtualenv/ftplugin.vim"
Searching for "/home/emiller/.vim/bundle/vimproc.vim/ftplugin.vim"
Searching for "/var/lib/vim/addons/ftplugin.vim"
Searching for "/usr/share/vim/vimfiles/ftplugin.vim"
Searching for "/usr/share/vim/vim73/ftplugin.vim"
chdir(/usr/share/vim/vim73)
fchdir() to previous dir
line 11: sourcing "/usr/share/vim/vim73/ftplugin.vim"
finished sourcing /usr/share/vim/vim73/ftplugin.vim
continuing in /home/emiller/.vimrc
Searching for "/usr/share/vim/vimfiles/after/ftplugin.vim"
Searching for "/var/lib/vim/addons/after/ftplugin.vim"
Searching for "/home/emiller/.vim/bundle/vim-coffee-script/after/ftplugin.vim"
Searching for "/home/emiller/.vim/bundle/vim-css3-syntax/after/ftplugin.vim"
Searching for "/home/emiller/.vim/bundle/vim-scala/after/ftplugin.vim"
Searching for "/home/emiller/.vim/after/ftplugin.vim"
Searching for "indent.vim" in "/home/emiller/.vim,/home/emiller/.vim/bundle/Better-CSS-Syntax-for-Vim,/home/emiller/.vim/bundle/Dockerfile.vim,/home/emiller/.vim/bundle/ack.vim,/home/emiller/.vim/bundle/ctrlp.vim,/home/emiller/.vim/bundle/eregex.vim,/home/emiller/.vim/bundle/gsession.vim,/home/emiller/.vim/bundle/nerdtree,/home/emiller/.vim/bundle/python-syntax,/home/emiller/.vim/bundle/rainbow_parentheses.vim,/home/emiller/.vim/bundle/syntastic,/home/emiller/.vim/bundle/tagbar,/home/emiller/.vim/bundle/unite.vim,/home/emiller/.vim/bundle/vim-airline,/home/emiller/.vim/bundle/vim-bundler,/home/emiller/.vim/bundle/vim-coffee-script,/home/emiller/.vim/bundle/vim-colors-solarized,/home/emiller/.vim/bundle/vim-css3-syntax,/home/emiller/.vim/bundle/vim-dispatch,/home/emiller/.vim/bundle/vim-fish,/home/emiller/.vim/bundle/vim-fugitive,/home/emiller/.vim/bundle/vim-indent-guides,/home/emiller/.vim/bundle/vim-jade,/home/emiller/.vim/bundle/vim-jekyll,/home/emiller/.vim/bundle/vim-markdown,/home/emiller/.vim/bundle/vi
Searching for "/home/emiller/.vim/indent.vim"
Searching for "/home/emiller/.vim/bundle/Better-CSS-Syntax-for-Vim/indent.vim"
Searching for "/home/emiller/.vim/bundle/Dockerfile.vim/indent.vim"
Searching for "/home/emiller/.vim/bundle/ack.vim/indent.vim"
Searching for "/home/emiller/.vim/bundle/ctrlp.vim/indent.vim"
Searching for "/home/emiller/.vim/bundle/eregex.vim/indent.vim"
Searching for "/home/emiller/.vim/bundle/gsession.vim/indent.vim"
Searching for "/home/emiller/.vim/bundle/nerdtree/indent.vim"
Searching for "/home/emiller/.vim/bundle/python-syntax/indent.vim"
Searching for "/home/emiller/.vim/bundle/rainbow_parentheses.vim/indent.vim"
Searching for "/home/emiller/.vim/bundle/syntastic/indent.vim"
Searching for "/home/emiller/.vim/bundle/tagbar/indent.vim"
Searching for "/home/emiller/.vim/bundle/unite.vim/indent.vim"
Searching for "/home/emiller/.vim/bundle/vim-airline/indent.vim"
Searching for "/home/emiller/.vim/bundle/vim-bundler/indent.vim"
Searching for "/home/emiller/.vim/bundle/vim-coffee-script/indent.vim"
Searching for "/home/emiller/.vim/bundle/vim-colors-solarized/indent.vim"
Searching for "/home/emiller/.vim/bundle/vim-css3-syntax/indent.vim"
Searching for "/home/emiller/.vim/bundle/vim-dispatch/indent.vim"
Searching for "/home/emiller/.vim/bundle/vim-fish/indent.vim"
Searching for "/home/emiller/.vim/bundle/vim-fugitive/indent.vim"
Searching for "/home/emiller/.vim/bundle/vim-indent-guides/indent.vim"
Searching for "/home/emiller/.vim/bundle/vim-jade/indent.vim"
Searching for "/home/emiller/.vim/bundle/vim-jekyll/indent.vim"
Searching for "/home/emiller/.vim/bundle/vim-markdown/indent.vim"
Searching for "/home/emiller/.vim/bundle/vim-multiple-cursors/indent.vim"
Searching for "/home/emiller/.vim/bundle/vim-rails/indent.vim"
Searching for "/home/emiller/.vim/bundle/vim-ruby/indent.vim"
Searching for "/home/emiller/.vim/bundle/vim-scala/indent.vim"
Searching for "/home/emiller/.vim/bundle/vim-sensible/indent.vim"
Searching for "/home/emiller/.vim/bundle/vim-surround/indent.vim"
Searching for "/home/emiller/.vim/bundle/vim-virtualenv/indent.vim"
Searching for "/home/emiller/.vim/bundle/vimproc.vim/indent.vim"
Searching for "/var/lib/vim/addons/indent.vim"
Searching for "/usr/share/vim/vimfiles/indent.vim"
Searching for "/usr/share/vim/vim73/indent.vim"
chdir(/usr/share/vim/vim73)
fchdir() to previous dir
line 11: sourcing "/usr/share/vim/vim73/indent.vim"
finished sourcing /usr/share/vim/vim73/indent.vim
continuing in /home/emiller/.vimrc
Searching for "/usr/share/vim/vimfiles/after/indent.vim"
Searching for "/var/lib/vim/addons/after/indent.vim"
Searching for "/home/emiller/.vim/bundle/vim-coffee-script/after/indent.vim"
Searching for "/home/emiller/.vim/bundle/vim-css3-syntax/after/indent.vim"
Searching for "/home/emiller/.vim/bundle/vim-scala/after/indent.vim"
Searching for "/home/emiller/.vim/after/indent.vim"
chdir(/usr/share/vim/vim73/syntax)
fchdir() to previous dir
line 12: sourcing "/usr/share/vim/vim73/syntax/syntax.vim"
chdir(/usr/share/vim/vim73/syntax)
fchdir() to previous dir
line 15: sourcing "/usr/share/vim/vim73/syntax/nosyntax.vim"
finished sourcing /usr/share/vim/vim73/syntax/nosyntax.vim
continuing in /usr/share/vim/vim73/syntax/syntax.vim
Searching for "syntax/synload.vim" in "/home/emiller/.vim,/home/emiller/.vim/bundle/Better-CSS-Syntax-for-Vim,/home/emiller/.vim/bundle/Dockerfile.vim,/home/emiller/.vim/bundle/ack.vim,/home/emiller/.vim/bundle/ctrlp.vim,/home/emiller/.vim/bundle/eregex.vim,/home/emiller/.vim/bundle/gsession.vim,/home/emiller/.vim/bundle/nerdtree,/home/emiller/.vim/bundle/python-syntax,/home/emiller/.vim/bundle/rainbow_parentheses.vim,/home/emiller/.vim/bundle/syntastic,/home/emiller/.vim/bundle/tagbar,/home/emiller/.vim/bundle/unite.vim,/home/emiller/.vim/bundle/vim-airline,/home/emiller/.vim/bundle/vim-bundler,/home/emiller/.vim/bundle/vim-coffee-script,/home/emiller/.vim/bundle/vim-colors-solarized,/home/emiller/.vim/bundle/vim-css3-syntax,/home/emiller/.vim/bundle/vim-dispatch,/home/emiller/.vim/bundle/vim-fish,/home/emiller/.vim/bundle/vim-fugitive,/home/emiller/.vim/bundle/vim-indent-guides,/home/emiller/.vim/bundle/vim-jade,/home/emiller/.vim/bundle/vim-jekyll,/home/emiller/.vim/bundle/vim-markdown,/home/emiller/.vim/b
Searching for "/home/emiller/.vim/syntax/synload.vim"
Searching for "/home/emiller/.vim/bundle/Better-CSS-Syntax-for-Vim/syntax/synload.vim"
Searching for "/home/emiller/.vim/bundle/Dockerfile.vim/syntax/synload.vim"
Searching for "/home/emiller/.vim/bundle/ack.vim/syntax/synload.vim"
Searching for "/home/emiller/.vim/bundle/ctrlp.vim/syntax/synload.vim"
Searching for "/home/emiller/.vim/bundle/eregex.vim/syntax/synload.vim"
Searching for "/home/emiller/.vim/bundle/gsession.vim/syntax/synload.vim"
Searching for "/home/emiller/.vim/bundle/nerdtree/syntax/synload.vim"
Searching for "/home/emiller/.vim/bundle/python-syntax/syntax/synload.vim"
Searching for "/home/emiller/.vim/bundle/rainbow_parentheses.vim/syntax/synload.vim"
Searching for "/home/emiller/.vim/bundle/syntastic/syntax/synload.vim"
Searching for "/home/emiller/.vim/bundle/tagbar/syntax/synload.vim"
Searching for "/home/emiller/.vim/bundle/unite.vim/syntax/synload.vim"
Searching for "/home/emiller/.vim/bundle/vim-airline/syntax/synload.vim"
Searching for "/home/emiller/.vim/bundle/vim-bundler/syntax/synload.vim"
Searching for "/home/emiller/.vim/bundle/vim-coffee-script/syntax/synload.vim"
Searching for "/home/emiller/.vim/bundle/vim-colors-solarized/syntax/synload.vim"
Searching for "/home/emiller/.vim/bundle/vim-css3-syntax/syntax/synload.vim"
Searching for "/home/emiller/.vim/bundle/vim-dispatch/syntax/synload.vim"
Searching for "/home/emiller/.vim/bundle/vim-fish/syntax/synload.vim"
Searching for "/home/emiller/.vim/bundle/vim-fugitive/syntax/synload.vim"
Searching for "/home/emiller/.vim/bundle/vim-indent-guides/syntax/synload.vim"
Searching for "/home/emiller/.vim/bundle/vim-jade/syntax/synload.vim"
Searching for "/home/emiller/.vim/bundle/vim-jekyll/syntax/synload.vim"
Searching for "/home/emiller/.vim/bundle/vim-markdown/syntax/synload.vim"
Searching for "/home/emiller/.vim/bundle/vim-multiple-cursors/syntax/synload.vim"
Searching for "/home/emiller/.vim/bundle/vim-rails/syntax/synload.vim"
Searching for "/home/emiller/.vim/bundle/vim-ruby/syntax/synload.vim"
Searching for "/home/emiller/.vim/bundle/vim-scala/syntax/synload.vim"
Searching for "/home/emiller/.vim/bundle/vim-sensible/syntax/synload.vim"
Searching for "/home/emiller/.vim/bundle/vim-surround/syntax/synload.vim"
Searching for "/home/emiller/.vim/bundle/vim-virtualenv/syntax/synload.vim"
Searching for "/home/emiller/.vim/bundle/vimproc.vim/syntax/synload.vim"
Searching for "/var/lib/vim/addons/syntax/synload.vim"
Searching for "/usr/share/vim/vimfiles/syntax/synload.vim"
Searching for "/usr/share/vim/vim73/syntax/synload.vim"
chdir(/usr/share/vim/vim73/syntax)
fchdir() to previous dir
line 19: sourcing "/usr/share/vim/vim73/syntax/synload.vim"
Searching for "syntax/syncolor.vim" in "/home/emiller/.vim,/home/emiller/.vim/bundle/Better-CSS-Syntax-for-Vim,/home/emiller/.vim/bundle/Dockerfile.vim,/home/emiller/.vim/bundle/ack.vim,/home/emiller/.vim/bundle/ctrlp.vim,/home/emiller/.vim/bundle/eregex.vim,/home/emiller/.vim/bundle/gsession.vim,/home/emiller/.vim/bundle/nerdtree,/home/emiller/.vim/bundle/python-syntax,/home/emiller/.vim/bundle/rainbow_parentheses.vim,/home/emiller/.vim/bundle/syntastic,/home/emiller/.vim/bundle/tagbar,/home/emiller/.vim/bundle/unite.vim,/home/emiller/.vim/bundle/vim-airline,/home/emiller/.vim/bundle/vim-bundler,/home/emiller/.vim/bundle/vim-coffee-script,/home/emiller/.vim/bundle/vim-colors-solarized,/home/emiller/.vim/bundle/vim-css3-syntax,/home/emiller/.vim/bundle/vim-dispatch,/home/emiller/.vim/bundle/vim-fish,/home/emiller/.vim/bundle/vim-fugitive,/home/emiller/.vim/bundle/vim-indent-guides,/home/emiller/.vim/bundle/vim-jade,/home/emiller/.vim/bundle/vim-jekyll,/home/emiller/.vim/bundle/vim-markdown,/home/emiller/.vim/
Searching for "/home/emiller/.vim/syntax/syncolor.vim"
Searching for "/home/emiller/.vim/bundle/Better-CSS-Syntax-for-Vim/syntax/syncolor.vim"
Searching for "/home/emiller/.vim/bundle/Dockerfile.vim/syntax/syncolor.vim"
Searching for "/home/emiller/.vim/bundle/ack.vim/syntax/syncolor.vim"
Searching for "/home/emiller/.vim/bundle/ctrlp.vim/syntax/syncolor.vim"
Searching for "/home/emiller/.vim/bundle/eregex.vim/syntax/syncolor.vim"
Searching for "/home/emiller/.vim/bundle/gsession.vim/syntax/syncolor.vim"
Searching for "/home/emiller/.vim/bundle/nerdtree/syntax/syncolor.vim"
Searching for "/home/emiller/.vim/bundle/python-syntax/syntax/syncolor.vim"
Searching for "/home/emiller/.vim/bundle/rainbow_parentheses.vim/syntax/syncolor.vim"
Searching for "/home/emiller/.vim/bundle/syntastic/syntax/syncolor.vim"
Searching for "/home/emiller/.vim/bundle/tagbar/syntax/syncolor.vim"
Searching for "/home/emiller/.vim/bundle/unite.vim/syntax/syncolor.vim"
Searching for "/home/emiller/.vim/bundle/vim-airline/syntax/syncolor.vim"
Searching for "/home/emiller/.vim/bundle/vim-bundler/syntax/syncolor.vim"
Searching for "/home/emiller/.vim/bundle/vim-coffee-script/syntax/syncolor.vim"
Searching for "/home/emiller/.vim/bundle/vim-colors-solarized/syntax/syncolor.vim"
Searching for "/home/emiller/.vim/bundle/vim-css3-syntax/syntax/syncolor.vim"
Searching for "/home/emiller/.vim/bundle/vim-dispatch/syntax/syncolor.vim"
Searching for "/home/emiller/.vim/bundle/vim-fish/syntax/syncolor.vim"
Searching for "/home/emiller/.vim/bundle/vim-fugitive/syntax/syncolor.vim"
Searching for "/home/emiller/.vim/bundle/vim-indent-guides/syntax/syncolor.vim"
Searching for "/home/emiller/.vim/bundle/vim-jade/syntax/syncolor.vim"
Searching for "/home/emiller/.vim/bundle/vim-jekyll/syntax/syncolor.vim"
Searching for "/home/emiller/.vim/bundle/vim-markdown/syntax/syncolor.vim"
Searching for "/home/emiller/.vim/bundle/vim-multiple-cursors/syntax/syncolor.vim"
Searching for "/home/emiller/.vim/bundle/vim-rails/syntax/syncolor.vim"
Searching for "/home/emiller/.vim/bundle/vim-ruby/syntax/syncolor.vim"
Searching for "/home/emiller/.vim/bundle/vim-scala/syntax/syncolor.vim"
Searching for "/home/emiller/.vim/bundle/vim-sensible/syntax/syncolor.vim"
Searching for "/home/emiller/.vim/bundle/vim-surround/syntax/syncolor.vim"
Searching for "/home/emiller/.vim/bundle/vim-virtualenv/syntax/syncolor.vim"
Searching for "/home/emiller/.vim/bundle/vimproc.vim/syntax/syncolor.vim"
Searching for "/var/lib/vim/addons/syntax/syncolor.vim"
Searching for "/usr/share/vim/vimfiles/syntax/syncolor.vim"
Searching for "/usr/share/vim/vim73/syntax/syncolor.vim"
chdir(/usr/share/vim/vim73/syntax)
fchdir() to previous dir
line 21: sourcing "/usr/share/vim/vim73/syntax/syncolor.vim"
finished sourcing /usr/share/vim/vim73/syntax/syncolor.vim
continuing in /usr/share/vim/vim73/syntax/synload.vim
Searching for "/usr/share/vim/vimfiles/after/syntax/syncolor.vim"
Searching for "/var/lib/vim/addons/after/syntax/syncolor.vim"
Searching for "/home/emiller/.vim/bundle/vim-coffee-script/after/syntax/syncolor.vim"
Searching for "/home/emiller/.vim/bundle/vim-css3-syntax/after/syntax/syncolor.vim"
Searching for "/home/emiller/.vim/bundle/vim-scala/after/syntax/syncolor.vim"
Searching for "/home/emiller/.vim/after/syntax/syncolor.vim"
finished sourcing /usr/share/vim/vim73/syntax/synload.vim
continuing in /usr/share/vim/vim73/syntax/syntax.vim
finished sourcing /usr/share/vim/vim73/syntax/syntax.vim
continuing in /home/emiller/.vimrc
Searching for "syntax/syncolor.vim" in "/home/emiller/.vim,/home/emiller/.vim/bundle/Better-CSS-Syntax-for-Vim,/home/emiller/.vim/bundle/Dockerfile.vim,/home/emiller/.vim/bundle/ack.vim,/home/emiller/.vim/bundle/ctrlp.vim,/home/emiller/.vim/bundle/eregex.vim,/home/emiller/.vim/bundle/gsession.vim,/home/emiller/.vim/bundle/nerdtree,/home/emiller/.vim/bundle/python-syntax,/home/emiller/.vim/bundle/rainbow_parentheses.vim,/home/emiller/.vim/bundle/syntastic,/home/emiller/.vim/bundle/tagbar,/home/emiller/.vim/bundle/unite.vim,/home/emiller/.vim/bundle/vim-airline,/home/emiller/.vim/bundle/vim-bundler,/home/emiller/.vim/bundle/vim-coffee-script,/home/emiller/.vim/bundle/vim-colors-solarized,/home/emiller/.vim/bundle/vim-css3-syntax,/home/emiller/.vim/bundle/vim-dispatch,/home/emiller/.vim/bundle/vim-fish,/home/emiller/.vim/bundle/vim-fugitive,/home/emiller/.vim/bundle/vim-indent-guides,/home/emiller/.vim/bundle/vim-jade,/home/emiller/.vim/bundle/vim-jekyll,/home/emiller/.vim/bundle/vim-markdown,/home/emiller/.vim/
Searching for "/home/emiller/.vim/syntax/syncolor.vim"
Searching for "/home/emiller/.vim/bundle/Better-CSS-Syntax-for-Vim/syntax/syncolor.vim"
Searching for "/home/emiller/.vim/bundle/Dockerfile.vim/syntax/syncolor.vim"
Searching for "/home/emiller/.vim/bundle/ack.vim/syntax/syncolor.vim"
Searching for "/home/emiller/.vim/bundle/ctrlp.vim/syntax/syncolor.vim"
Searching for "/home/emiller/.vim/bundle/eregex.vim/syntax/syncolor.vim"
Searching for "/home/emiller/.vim/bundle/gsession.vim/syntax/syncolor.vim"
Searching for "/home/emiller/.vim/bundle/nerdtree/syntax/syncolor.vim"
Searching for "/home/emiller/.vim/bundle/python-syntax/syntax/syncolor.vim"
Searching for "/home/emiller/.vim/bundle/rainbow_parentheses.vim/syntax/syncolor.vim"
Searching for "/home/emiller/.vim/bundle/syntastic/syntax/syncolor.vim"
Searching for "/home/emiller/.vim/bundle/tagbar/syntax/syncolor.vim"
Searching for "/home/emiller/.vim/bundle/unite.vim/syntax/syncolor.vim"
Searching for "/home/emiller/.vim/bundle/vim-airline/syntax/syncolor.vim"
Searching for "/home/emiller/.vim/bundle/vim-bundler/syntax/syncolor.vim"
Searching for "/home/emiller/.vim/bundle/vim-coffee-script/syntax/syncolor.vim"
Searching for "/home/emiller/.vim/bundle/vim-colors-solarized/syntax/syncolor.vim"
Searching for "/home/emiller/.vim/bundle/vim-css3-syntax/syntax/syncolor.vim"
Searching for "/home/emiller/.vim/bundle/vim-dispatch/syntax/syncolor.vim"
Searching for "/home/emiller/.vim/bundle/vim-fish/syntax/syncolor.vim"
Searching for "/home/emiller/.vim/bundle/vim-fugitive/syntax/syncolor.vim"
Searching for "/home/emiller/.vim/bundle/vim-indent-guides/syntax/syncolor.vim"
Searching for "/home/emiller/.vim/bundle/vim-jade/syntax/syncolor.vim"
Searching for "/home/emiller/.vim/bundle/vim-jekyll/syntax/syncolor.vim"
Searching for "/home/emiller/.vim/bundle/vim-markdown/syntax/syncolor.vim"
Searching for "/home/emiller/.vim/bundle/vim-multiple-cursors/syntax/syncolor.vim"
Searching for "/home/emiller/.vim/bundle/vim-rails/syntax/syncolor.vim"
Searching for "/home/emiller/.vim/bundle/vim-ruby/syntax/syncolor.vim"
Searching for "/home/emiller/.vim/bundle/vim-scala/syntax/syncolor.vim"
Searching for "/home/emiller/.vim/bundle/vim-sensible/syntax/syncolor.vim"
Searching for "/home/emiller/.vim/bundle/vim-surround/syntax/syncolor.vim"
Searching for "/home/emiller/.vim/bundle/vim-virtualenv/syntax/syncolor.vim"
Searching for "/home/emiller/.vim/bundle/vimproc.vim/syntax/syncolor.vim"
Searching for "/var/lib/vim/addons/syntax/syncolor.vim"
Searching for "/usr/share/vim/vimfiles/syntax/syncolor.vim"
Searching for "/usr/share/vim/vim73/syntax/syncolor.vim"
chdir(/usr/share/vim/vim73/syntax)
fchdir() to previous dir
line 64: sourcing "/usr/share/vim/vim73/syntax/syncolor.vim"
finished sourcing /usr/share/vim/vim73/syntax/syncolor.vim
continuing in /home/emiller/.vimrc
Searching for "/usr/share/vim/vimfiles/after/syntax/syncolor.vim"
Searching for "/var/lib/vim/addons/after/syntax/syncolor.vim"
Searching for "/home/emiller/.vim/bundle/vim-coffee-script/after/syntax/syncolor.vim"
Searching for "/home/emiller/.vim/bundle/vim-css3-syntax/after/syntax/syncolor.vim"
Searching for "/home/emiller/.vim/bundle/vim-scala/after/syntax/syncolor.vim"
Searching for "/home/emiller/.vim/after/syntax/syncolor.vim"
Searching for "colors/ir_black.vim" in "/home/emiller/.vim,/home/emiller/.vim/bundle/Better-CSS-Syntax-for-Vim,/home/emiller/.vim/bundle/Dockerfile.vim,/home/emiller/.vim/bundle/ack.vim,/home/emiller/.vim/bundle/ctrlp.vim,/home/emiller/.vim/bundle/eregex.vim,/home/emiller/.vim/bundle/gsession.vim,/home/emiller/.vim/bundle/nerdtree,/home/emiller/.vim/bundle/python-syntax,/home/emiller/.vim/bundle/rainbow_parentheses.vim,/home/emiller/.vim/bundle/syntastic,/home/emiller/.vim/bundle/tagbar,/home/emiller/.vim/bundle/unite.vim,/home/emiller/.vim/bundle/vim-airline,/home/emiller/.vim/bundle/vim-bundler,/home/emiller/.vim/bundle/vim-coffee-script,/home/emiller/.vim/bundle/vim-colors-solarized,/home/emiller/.vim/bundle/vim-css3-syntax,/home/emiller/.vim/bundle/vim-dispatch,/home/emiller/.vim/bundle/vim-fish,/home/emiller/.vim/bundle/vim-fugitive,/home/emiller/.vim/bundle/vim-indent-guides,/home/emiller/.vim/bundle/vim-jade,/home/emiller/.vim/bundle/vim-jekyll,/home/emiller/.vim/bundle/vim-markdown,/home/emiller/.vim/
Searching for "/home/emiller/.vim/colors/ir_black.vim"
chdir(/home/emiller/.vim/colors)
fchdir() to previous dir
line 65: sourcing "/home/emiller/.vim/colors/ir_black.vim"
Searching for "syntax/syncolor.vim" in "/home/emiller/.vim,/home/emiller/.vim/bundle/Better-CSS-Syntax-for-Vim,/home/emiller/.vim/bundle/Dockerfile.vim,/home/emiller/.vim/bundle/ack.vim,/home/emiller/.vim/bundle/ctrlp.vim,/home/emiller/.vim/bundle/eregex.vim,/home/emiller/.vim/bundle/gsession.vim,/home/emiller/.vim/bundle/nerdtree,/home/emiller/.vim/bundle/python-syntax,/home/emiller/.vim/bundle/rainbow_parentheses.vim,/home/emiller/.vim/bundle/syntastic,/home/emiller/.vim/bundle/tagbar,/home/emiller/.vim/bundle/unite.vim,/home/emiller/.vim/bundle/vim-airline,/home/emiller/.vim/bundle/vim-bundler,/home/emiller/.vim/bundle/vim-coffee-script,/home/emiller/.vim/bundle/vim-colors-solarized,/home/emiller/.vim/bundle/vim-css3-syntax,/home/emiller/.vim/bundle/vim-dispatch,/home/emiller/.vim/bundle/vim-fish,/home/emiller/.vim/bundle/vim-fugitive,/home/emiller/.vim/bundle/vim-indent-guides,/home/emiller/.vim/bundle/vim-jade,/home/emiller/.vim/bundle/vim-jekyll,/home/emiller/.vim/bundle/vim-markdown,/home/emiller/.vim/
Searching for "/home/emiller/.vim/syntax/syncolor.vim"
Searching for "/home/emiller/.vim/bundle/Better-CSS-Syntax-for-Vim/syntax/syncolor.vim"
Searching for "/home/emiller/.vim/bundle/Dockerfile.vim/syntax/syncolor.vim"
Searching for "/home/emiller/.vim/bundle/ack.vim/syntax/syncolor.vim"
Searching for "/home/emiller/.vim/bundle/ctrlp.vim/syntax/syncolor.vim"
Searching for "/home/emiller/.vim/bundle/eregex.vim/syntax/syncolor.vim"
Searching for "/home/emiller/.vim/bundle/gsession.vim/syntax/syncolor.vim"
Searching for "/home/emiller/.vim/bundle/nerdtree/syntax/syncolor.vim"
Searching for "/home/emiller/.vim/bundle/python-syntax/syntax/syncolor.vim"
Searching for "/home/emiller/.vim/bundle/rainbow_parentheses.vim/syntax/syncolor.vim"
Searching for "/home/emiller/.vim/bundle/syntastic/syntax/syncolor.vim"
Searching for "/home/emiller/.vim/bundle/tagbar/syntax/syncolor.vim"
Searching for "/home/emiller/.vim/bundle/unite.vim/syntax/syncolor.vim"
Searching for "/home/emiller/.vim/bundle/vim-airline/syntax/syncolor.vim"
Searching for "/home/emiller/.vim/bundle/vim-bundler/syntax/syncolor.vim"
Searching for "/home/emiller/.vim/bundle/vim-coffee-script/syntax/syncolor.vim"
Searching for "/home/emiller/.vim/bundle/vim-colors-solarized/syntax/syncolor.vim"
Searching for "/home/emiller/.vim/bundle/vim-css3-syntax/syntax/syncolor.vim"
Searching for "/home/emiller/.vim/bundle/vim-dispatch/syntax/syncolor.vim"
Searching for "/home/emiller/.vim/bundle/vim-fish/syntax/syncolor.vim"
Searching for "/home/emiller/.vim/bundle/vim-fugitive/syntax/syncolor.vim"
Searching for "/home/emiller/.vim/bundle/vim-indent-guides/syntax/syncolor.vim"
Searching for "/home/emiller/.vim/bundle/vim-jade/syntax/syncolor.vim"
Searching for "/home/emiller/.vim/bundle/vim-jekyll/syntax/syncolor.vim"
Searching for "/home/emiller/.vim/bundle/vim-markdown/syntax/syncolor.vim"
Searching for "/home/emiller/.vim/bundle/vim-multiple-cursors/syntax/syncolor.vim"
Searching for "/home/emiller/.vim/bundle/vim-rails/syntax/syncolor.vim"
Searching for "/home/emiller/.vim/bundle/vim-ruby/syntax/syncolor.vim"
Searching for "/home/emiller/.vim/bundle/vim-scala/syntax/syncolor.vim"
Searching for "/home/emiller/.vim/bundle/vim-sensible/syntax/syncolor.vim"
Searching for "/home/emiller/.vim/bundle/vim-surround/syntax/syncolor.vim"
Searching for "/home/emiller/.vim/bundle/vim-virtualenv/syntax/syncolor.vim"
Searching for "/home/emiller/.vim/bundle/vimproc.vim/syntax/syncolor.vim"
Searching for "/var/lib/vim/addons/syntax/syncolor.vim"
Searching for "/usr/share/vim/vimfiles/syntax/syncolor.vim"
Searching for "/usr/share/vim/vim73/syntax/syncolor.vim"
chdir(/usr/share/vim/vim73/syntax)
fchdir() to previous dir
line 56: sourcing "/usr/share/vim/vim73/syntax/syncolor.vim"
finished sourcing /usr/share/vim/vim73/syntax/syncolor.vim
continuing in /home/emiller/.syncr/repositories/vim/colors/ir_black.vim
Searching for "/usr/share/vim/vimfiles/after/syntax/syncolor.vim"
Searching for "/var/lib/vim/addons/after/syntax/syncolor.vim"
Searching for "/home/emiller/.vim/bundle/vim-coffee-script/after/syntax/syncolor.vim"
Searching for "/home/emiller/.vim/bundle/vim-css3-syntax/after/syntax/syncolor.vim"
Searching for "/home/emiller/.vim/bundle/vim-scala/after/syntax/syncolor.vim"
Searching for "/home/emiller/.vim/after/syntax/syncolor.vim"
Searching for "syntax/syncolor.vim" in "/home/emiller/.vim,/home/emiller/.vim/bundle/Better-CSS-Syntax-for-Vim,/home/emiller/.vim/bundle/Dockerfile.vim,/home/emiller/.vim/bundle/ack.vim,/home/emiller/.vim/bundle/ctrlp.vim,/home/emiller/.vim/bundle/eregex.vim,/home/emiller/.vim/bundle/gsession.vim,/home/emiller/.vim/bundle/nerdtree,/home/emiller/.vim/bundle/python-syntax,/home/emiller/.vim/bundle/rainbow_parentheses.vim,/home/emiller/.vim/bundle/syntastic,/home/emiller/.vim/bundle/tagbar,/home/emiller/.vim/bundle/unite.vim,/home/emiller/.vim/bundle/vim-airline,/home/emiller/.vim/bundle/vim-bundler,/home/emiller/.vim/bundle/vim-coffee-script,/home/emiller/.vim/bundle/vim-colors-solarized,/home/emiller/.vim/bundle/vim-css3-syntax,/home/emiller/.vim/bundle/vim-dispatch,/home/emiller/.vim/bundle/vim-fish,/home/emiller/.vim/bundle/vim-fugitive,/home/emiller/.vim/bundle/vim-indent-guides,/home/emiller/.vim/bundle/vim-jade,/home/emiller/.vim/bundle/vim-jekyll,/home/emiller/.vim/bundle/vim-markdown,/home/emiller/.vim/
Searching for "/home/emiller/.vim/syntax/syncolor.vim"
Searching for "/home/emiller/.vim/bundle/Better-CSS-Syntax-for-Vim/syntax/syncolor.vim"
Searching for "/home/emiller/.vim/bundle/Dockerfile.vim/syntax/syncolor.vim"
Searching for "/home/emiller/.vim/bundle/ack.vim/syntax/syncolor.vim"
Searching for "/home/emiller/.vim/bundle/ctrlp.vim/syntax/syncolor.vim"
Searching for "/home/emiller/.vim/bundle/eregex.vim/syntax/syncolor.vim"
Searching for "/home/emiller/.vim/bundle/gsession.vim/syntax/syncolor.vim"
Searching for "/home/emiller/.vim/bundle/nerdtree/syntax/syncolor.vim"
Searching for "/home/emiller/.vim/bundle/python-syntax/syntax/syncolor.vim"
Searching for "/home/emiller/.vim/bundle/rainbow_parentheses.vim/syntax/syncolor.vim"
Searching for "/home/emiller/.vim/bundle/syntastic/syntax/syncolor.vim"
Searching for "/home/emiller/.vim/bundle/tagbar/syntax/syncolor.vim"
Searching for "/home/emiller/.vim/bundle/unite.vim/syntax/syncolor.vim"
Searching for "/home/emiller/.vim/bundle/vim-airline/syntax/syncolor.vim"
Searching for "/home/emiller/.vim/bundle/vim-bundler/syntax/syncolor.vim"
Searching for "/home/emiller/.vim/bundle/vim-coffee-script/syntax/syncolor.vim"
Searching for "/home/emiller/.vim/bundle/vim-colors-solarized/syntax/syncolor.vim"
Searching for "/home/emiller/.vim/bundle/vim-css3-syntax/syntax/syncolor.vim"
Searching for "/home/emiller/.vim/bundle/vim-dispatch/syntax/syncolor.vim"
Searching for "/home/emiller/.vim/bundle/vim-fish/syntax/syncolor.vim"
Searching for "/home/emiller/.vim/bundle/vim-fugitive/syntax/syncolor.vim"
Searching for "/home/emiller/.vim/bundle/vim-indent-guides/syntax/syncolor.vim"
Searching for "/home/emiller/.vim/bundle/vim-jade/syntax/syncolor.vim"
Searching for "/home/emiller/.vim/bundle/vim-jekyll/syntax/syncolor.vim"
Searching for "/home/emiller/.vim/bundle/vim-markdown/syntax/syncolor.vim"
Searching for "/home/emiller/.vim/bundle/vim-multiple-cursors/syntax/syncolor.vim"
Searching for "/home/emiller/.vim/bundle/vim-rails/syntax/syncolor.vim"
Searching for "/home/emiller/.vim/bundle/vim-ruby/syntax/syncolor.vim"
Searching for "/home/emiller/.vim/bundle/vim-scala/syntax/syncolor.vim"
Searching for "/home/emiller/.vim/bundle/vim-sensible/syntax/syncolor.vim"
Searching for "/home/emiller/.vim/bundle/vim-surround/syntax/syncolor.vim"
Searching for "/home/emiller/.vim/bundle/vim-virtualenv/syntax/syncolor.vim"
Searching for "/home/emiller/.vim/bundle/vimproc.vim/syntax/syncolor.vim"
Searching for "/var/lib/vim/addons/syntax/syncolor.vim"
Searching for "/usr/share/vim/vimfiles/syntax/syncolor.vim"
Searching for "/usr/share/vim/vim73/syntax/syncolor.vim"
chdir(/usr/share/vim/vim73/syntax)
fchdir() to previous dir
line 57: sourcing "/usr/share/vim/vim73/syntax/syncolor.vim"
finished sourcing /usr/share/vim/vim73/syntax/syncolor.vim
continuing in /home/emiller/.syncr/repositories/vim/colors/ir_black.vim
Searching for "/usr/share/vim/vimfiles/after/syntax/syncolor.vim"
Searching for "/var/lib/vim/addons/after/syntax/syncolor.vim"
Searching for "/home/emiller/.vim/bundle/vim-coffee-script/after/syntax/syncolor.vim"
Searching for "/home/emiller/.vim/bundle/vim-css3-syntax/after/syntax/syncolor.vim"
Searching for "/home/emiller/.vim/bundle/vim-scala/after/syntax/syncolor.vim"
Searching for "/home/emiller/.vim/after/syntax/syncolor.vim"
Searching for "syntax/syncolor.vim" in "/home/emiller/.vim,/home/emiller/.vim/bundle/Better-CSS-Syntax-for-Vim,/home/emiller/.vim/bundle/Dockerfile.vim,/home/emiller/.vim/bundle/ack.vim,/home/emiller/.vim/bundle/ctrlp.vim,/home/emiller/.vim/bundle/eregex.vim,/home/emiller/.vim/bundle/gsession.vim,/home/emiller/.vim/bundle/nerdtree,/home/emiller/.vim/bundle/python-syntax,/home/emiller/.vim/bundle/rainbow_parentheses.vim,/home/emiller/.vim/bundle/syntastic,/home/emiller/.vim/bundle/tagbar,/home/emiller/.vim/bundle/unite.vim,/home/emiller/.vim/bundle/vim-airline,/home/emiller/.vim/bundle/vim-bundler,/home/emiller/.vim/bundle/vim-coffee-script,/home/emiller/.vim/bundle/vim-colors-solarized,/home/emiller/.vim/bundle/vim-css3-syntax,/home/emiller/.vim/bundle/vim-dispatch,/home/emiller/.vim/bundle/vim-fish,/home/emiller/.vim/bundle/vim-fugitive,/home/emiller/.vim/bundle/vim-indent-guides,/home/emiller/.vim/bundle/vim-jade,/home/emiller/.vim/bundle/vim-jekyll,/home/emiller/.vim/bundle/vim-markdown,/home/emiller/.vim/
Searching for "/home/emiller/.vim/syntax/syncolor.vim"
Searching for "/home/emiller/.vim/bundle/Better-CSS-Syntax-for-Vim/syntax/syncolor.vim"
Searching for "/home/emiller/.vim/bundle/Dockerfile.vim/syntax/syncolor.vim"
Searching for "/home/emiller/.vim/bundle/ack.vim/syntax/syncolor.vim"
Searching for "/home/emiller/.vim/bundle/ctrlp.vim/syntax/syncolor.vim"
Searching for "/home/emiller/.vim/bundle/eregex.vim/syntax/syncolor.vim"
Searching for "/home/emiller/.vim/bundle/gsession.vim/syntax/syncolor.vim"
Searching for "/home/emiller/.vim/bundle/nerdtree/syntax/syncolor.vim"
Searching for "/home/emiller/.vim/bundle/python-syntax/syntax/syncolor.vim"
Searching for "/home/emiller/.vim/bundle/rainbow_parentheses.vim/syntax/syncolor.vim"
Searching for "/home/emiller/.vim/bundle/syntastic/syntax/syncolor.vim"
Searching for "/home/emiller/.vim/bundle/tagbar/syntax/syncolor.vim"
Searching for "/home/emiller/.vim/bundle/unite.vim/syntax/syncolor.vim"
Searching for "/home/emiller/.vim/bundle/vim-airline/syntax/syncolor.vim"
Searching for "/home/emiller/.vim/bundle/vim-bundler/syntax/syncolor.vim"
Searching for "/home/emiller/.vim/bundle/vim-coffee-script/syntax/syncolor.vim"
Searching for "/home/emiller/.vim/bundle/vim-colors-solarized/syntax/syncolor.vim"
Searching for "/home/emiller/.vim/bundle/vim-css3-syntax/syntax/syncolor.vim"
Searching for "/home/emiller/.vim/bundle/vim-dispatch/syntax/syncolor.vim"
Searching for "/home/emiller/.vim/bundle/vim-fish/syntax/syncolor.vim"
Searching for "/home/emiller/.vim/bundle/vim-fugitive/syntax/syncolor.vim"
Searching for "/home/emiller/.vim/bundle/vim-indent-guides/syntax/syncolor.vim"
Searching for "/home/emiller/.vim/bundle/vim-jade/syntax/syncolor.vim"
Searching for "/home/emiller/.vim/bundle/vim-jekyll/syntax/syncolor.vim"
Searching for "/home/emiller/.vim/bundle/vim-markdown/syntax/syncolor.vim"
Searching for "/home/emiller/.vim/bundle/vim-multiple-cursors/syntax/syncolor.vim"
Searching for "/home/emiller/.vim/bundle/vim-rails/syntax/syncolor.vim"
Searching for "/home/emiller/.vim/bundle/vim-ruby/syntax/syncolor.vim"
Searching for "/home/emiller/.vim/bundle/vim-scala/syntax/syncolor.vim"
Searching for "/home/emiller/.vim/bundle/vim-sensible/syntax/syncolor.vim"
Searching for "/home/emiller/.vim/bundle/vim-surround/syntax/syncolor.vim"
Searching for "/home/emiller/.vim/bundle/vim-virtualenv/syntax/syncolor.vim"
Searching for "/home/emiller/.vim/bundle/vimproc.vim/syntax/syncolor.vim"
Searching for "/var/lib/vim/addons/syntax/syncolor.vim"
Searching for "/usr/share/vim/vimfiles/syntax/syncolor.vim"
Searching for "/usr/share/vim/vim73/syntax/syncolor.vim"
chdir(/usr/share/vim/vim73/syntax)
fchdir() to previous dir
line 60: sourcing "/usr/share/vim/vim73/syntax/syncolor.vim"
finished sourcing /usr/share/vim/vim73/syntax/syncolor.vim
continuing in /home/emiller/.syncr/repositories/vim/colors/ir_black.vim
Searching for "/usr/share/vim/vimfiles/after/syntax/syncolor.vim"
Searching for "/var/lib/vim/addons/after/syntax/syncolor.vim"
Searching for "/home/emiller/.vim/bundle/vim-coffee-script/after/syntax/syncolor.vim"
Searching for "/home/emiller/.vim/bundle/vim-css3-syntax/after/syntax/syncolor.vim"
Searching for "/home/emiller/.vim/bundle/vim-scala/after/syntax/syncolor.vim"
Searching for "/home/emiller/.vim/after/syntax/syncolor.vim"
finished sourcing /home/emiller/.vim/colors/ir_black.vim
continuing in /home/emiller/.vimrc
:!echo -ne "\033]12;red\007"

Calling shell to execute: "echo -ne "\033]12;red\007""
finished sourcing $HOME/.vimrc
Reading viminfo file "/home/emiller/.viminfo" info oldfiles
Executing BufEnter Auto commands for "*"
autocommand if (winnr("$") == 1 && exists("b:NERDTreeType") && b:NERDTreeType == "primary") | q | endif

line 0: sourcing ".mkrecord"{'version': 0.3, 'files': [{'file': '/home/emiller/.vim/autoload/gsession.vim', 'checksum': ''}, {'file': '/home/emiller/.vim/doc/gsession.txt', 'checksum': ''}, {'file': '/home/emiller/.vim/plugin/gsession.vim', 'checksum': ''}, {'file': '/home/emiller/.vim/test/naming_conversion.vim', 'checksum': ''}], 'install_type': 'makefile', 'script_version': '0.1', 'package': 'gsession.vim', 'generated_by': 'Vim-Makefile'}
Done
finished sourcing .mkrecord
continuing in command line
Writing viminfo file "/home/emiller/.viminfo"
Executing VimLeave Auto commands for "*"
autocommand silent !echo -ne "\033]112\007"

:!echo -ne "\033]112\007"

Calling shell to execute: "echo -ne "\033]112\007""